704230
132500
1275960
1176 1085
12.5238
bk5a 140 133 280 266
bk12 630 252 1036 392
bk9c 0 966 357 1085
bk9a 1057 0 1176 182
bk1 721 693 1057 826
bk8a 553 0 763 210
bk13 0 826 497 966
bk2 763 119 1057 252
bk5b 994 945 1169 1078
bk4 266 511 826 644
bk18 896 392 1099 574
bk6 140 0 455 133
bk8b 140 266 266 644
bk21 679 945 994 1085
bk14a 826 574 1022 693
bk17b 497 826 679 1029
bk10a 679 826 1057 945
bk14b 763 0 1057 119
bk5c 0 644 231 777
bk19 1022 574 1141 658
bk16 1036 266 1155 392
bk10b 0 161 140 322
bk3 0 322 133 637
bk15a 630 392 896 511
bk9d 1057 182 1176 266
bk11 231 644 350 819
bk20 280 329 630 511
bk9b 1057 658 1176 777
bk7 455 0 553 182
bk17a 350 644 721 826
bk10c 1057 777 1106 896
bk15b 280 210 616 329
bk14c 0 0 119 161
