2.08426e+07
2.03229e+06
39652956
5334 7434
41.2353
M048 1932 2604 3234 3332
M006 560 994 1442 2856
M024 0 868 266 1666
M049 4438 4060 4830 4802
M034 0 3052 560 4200
M007 0 0 350 868
M030 3234 2604 4536 3332
M040 4928 0 5320 868
M033 2156 3332 4046 4284
M025 4928 3010 5250 3794
M004 1484 994 4564 2604
M037 4732 5586 5292 6804
M009 560 3150 1022 4130
M021 2422 6636 3248 7028
M026 4564 1792 4914 2520
M038 0 6146 448 7112
M039 4466 0 4830 784
M018 1022 3682 2100 4074
M022 0 4200 364 5152
M047 3836 5348 4270 6160
M029 3976 0 4466 994
M016 3654 0 3976 798
M046 350 0 1554 504
M014 4928 868 5334 1792
M041 4564 784 4928 1638
M044 1960 0 3262 630
M019 3262 0 3654 826
M032 4354 4802 4732 5586
M015 1554 0 1960 840
M045 3416 6160 4088 7322
M043 1022 3150 1932 3682
M042 4564 2632 4732 3010
M031 4536 3010 4928 4060
M011 4928 4550 5306 5376
M017 4928 3794 5320 4550
M027 4928 1792 5292 2632
M028 3836 4284 4354 5348
M012 2422 7028 3220 7434
M035 4046 3332 4438 4186
M036 0 5152 448 6146
M020 3164 5838 3416 6636
M023 350 504 1484 994
M013 2156 6636 2422 7308
M005 0 1666 532 3052
M010 560 2856 1176 3150
M001 448 4200 2156 7434
M003 2156 4284 3164 6468
M002 3164 4284 3836 5838
M008 4088 6160 4732 7406
