762960
128196
1397725
1225 1141
4.86934
bk14c 616 0 777 119
bk20 651 959 1001 1141
bk11 868 140 987 315
bk5c 0 665 133 896
bk15a 140 399 259 665
bk18 651 434 833 637
bk10a 399 280 518 658
bk21 0 336 140 651
bk12 140 140 546 280
bk17a 133 665 504 847
bk9c 1106 0 1225 357
bk10c 987 357 1036 476
bk9a 868 315 987 497
bk3 0 980 315 1113
bk6 266 280 399 595
bk17b 1001 875 1183 1078
bk14b 1036 357 1155 651
bk19 651 140 735 259
bk16 140 280 266 399
bk8a 987 651 1197 861
bk14a 987 98 1106 294
bk7 910 0 1092 98
bk1 133 847 469 980
bk4 518 280 651 840
bk10b 651 637 812 777
bk9d 812 875 931 959
bk5a 777 0 910 140
bk9b 469 1015 588 1134
bk8b 833 497 959 875
bk13 119 0 616 140
bk2 735 140 868 434
bk15b 0 0 119 336
bk5b 504 840 637 1015
