2.09742e+07
1.92207e+06
40026336
5334 7504
45.611
M048 3640 4158 4942 4886
M016 882 7182 1680 7504
M003 882 4998 1890 7182
M036 4396 0 4844 994
M013 4942 3780 5208 4452
M022 2954 5096 3906 5460
M011 3640 3052 4466 3430
M028 1890 5096 2954 5614
M023 3108 3962 3598 5096
M004 0 1918 1610 4998
M037 2422 5614 2982 6832
M038 3598 6132 4564 6580
M015 4928 1862 5334 2702
M001 1162 0 4396 1708
M014 4494 1862 4900 2786
M033 2604 2100 4494 3052
M010 2982 6398 3598 6692
M034 1610 2954 2170 4102
M019 4900 5292 5292 6118
M008 1610 1708 2254 2954
M045 0 1246 1162 1918
M006 0 5376 882 7238
M042 364 0 532 378
M030 4564 6132 5292 7434
M007 2254 1708 2604 2576
M031 2170 2954 2562 4004
M039 2982 5614 3346 6398
M018 4942 2702 5334 3780
M020 854 0 1106 798
M032 0 4998 784 5376
M026 2604 1708 3332 2058
M046 2604 3052 3108 4256
M017 3332 1708 4088 2100
M029 4844 0 5334 994
M002 3346 5460 4900 6132
M009 3906 4886 4886 5348
M035 0 854 854 1246
M024 3598 6580 4396 6846
M044 3640 3528 4942 4158
M025 1610 4256 2394 4578
M005 1890 5614 2422 7000
M021 2394 4256 2786 5082
M049 4494 2786 4886 3528
M040 4928 994 5320 1862
M027 4942 4452 5306 5292
M041 0 0 364 854
M043 3108 3052 3640 3962
M012 2982 6692 3388 7490
M047 4494 994 4928 1806
